2024-07-06 14:14:23 | [INFO]    | Discordia 2.11.2
2024-07-06 14:14:23 | [INFO]    | Connecting to Discord...
2024-07-06 14:14:24 | [ERROR]   | 401 - Unauthorized : GET https://discord.com/api/v8/users/@me
2024-07-06 14:14:24 | [ERROR]   | Could not authenticate, check token: HTTP Error 0 : 401: Unauthorized
2024-07-06 14:14:54 | [INFO]    | Discordia 2.11.2
2024-07-06 14:14:54 | [INFO]    | Connecting to Discord...
2024-07-06 14:14:55 | [ERROR]   | 401 - Unauthorized : GET https://discord.com/api/v8/users/@me
2024-07-06 14:14:55 | [ERROR]   | Could not authenticate, check token: HTTP Error 0 : 401: Unauthorized
2024-07-06 14:15:34 | [INFO]    | Discordia 2.11.2
2024-07-06 14:15:34 | [INFO]    | Connecting to Discord...
2024-07-06 14:15:34 | [ERROR]   | 401 - Unauthorized : GET https://discord.com/api/v8/users/@me
2024-07-06 14:15:34 | [ERROR]   | Could not authenticate, check token: HTTP Error 0 : 401: Unauthorized
2024-07-06 14:18:05 | [INFO]    | Discordia 2.11.2
2024-07-06 14:18:05 | [INFO]    | Connecting to Discord...
2024-07-06 14:18:05 | [INFO]    | Authenticated as Bishop#1695
2024-07-06 14:18:05 | [INFO]    | Launching shard 0 (1 out of 1)...
2024-07-06 14:18:05 | [INFO]    | Shard 0 : Connected to wss://gateway.discord.gg
2024-07-06 14:18:05 | [INFO]    | Shard 0 : Received HELLO
2024-07-06 14:18:06 | [INFO]    | Shard 0 : Received READY
2024-07-06 15:35:23 | [INFO]    | Discordia 2.11.2
2024-07-06 15:35:23 | [INFO]    | Connecting to Discord...
2024-07-06 15:35:23 | [INFO]    | Authenticated as Bishop#1695
2024-07-06 15:35:24 | [INFO]    | Launching shard 0 (1 out of 1)...
2024-07-06 15:35:24 | [INFO]    | Shard 0 : Connected to wss://gateway.discord.gg
2024-07-06 15:35:24 | [INFO]    | Shard 0 : Received HELLO
2024-07-06 15:35:24 | [INFO]    | Shard 0 : Received READY
2024-07-06 15:40:45 | [INFO]    | Discordia 2.11.2
2024-07-06 15:40:45 | [INFO]    | Connecting to Discord...
2024-07-06 15:40:46 | [INFO]    | Authenticated as Bishop#1695
2024-07-06 15:40:46 | [INFO]    | Launching shard 0 (1 out of 1)...
2024-07-06 15:40:46 | [INFO]    | Shard 0 : Connected to wss://gateway.discord.gg
2024-07-06 15:40:46 | [INFO]    | Shard 0 : Received HELLO
2024-07-06 15:40:46 | [INFO]    | Shard 0 : Received READY
